<?xml version="1.0" encoding="UTF-8"?>
<testsuite xmlns:xsi="http://www.w3.org/2001/XMLSchema-instance" xsi:noNamespaceSchemaLocation="https://maven.apache.org/surefire/maven-surefire-plugin/xsd/surefire-test-report-3.0.xsd" version="3.0" name="org.imaginnovate.GreetingResourceTest" time="8.496" tests="1" errors="1" skipped="0" failures="0">
  <properties>
[...]
</properties>
  <testcase name="testHelloEndpoint" classname="org.imaginnovate.GreetingResourceTest" time="0.006">
    <error message="java.lang.ExceptionInInitializerError" type="java.lang.RuntimeException"><![CDATA[java.lang.RuntimeException: java.lang.ExceptionInInitializerError
	at io.quarkus.test.junit.QuarkusTestExtension.throwBootFailureException(QuarkusTestExtension.java:642)
	at io.quarkus.test.junit.QuarkusTestExtension.interceptTestClassConstructor(QuarkusTestExtension.java:726)
	at java.base/java.util.Optional.orElseGet(Optional.java:364)
	at java.base/java.util.ArrayList.forEach(ArrayList.java:1596)
	at java.base/java.util.ArrayList.forEach(ArrayList.java:1596)
Caused by: java.lang.ExceptionInInitializerError
	at java.base/java.lang.Class.forName0(Native Method)
	at java.base/java.lang.Class.forName(Class.java:534)
	at java.base/java.lang.Class.forName(Class.java:513)
	at io.quarkus.runner.bootstrap.StartupActionImpl.run(StartupActionImpl.java:269)
	at io.quarkus.test.junit.QuarkusTestExtension.doJavaStart(QuarkusTestExtension.java:251)
	at io.quarkus.test.junit.QuarkusTestExtension.ensureStarted(QuarkusTestExtension.java:609)
	at io.quarkus.test.junit.QuarkusTestExtension.beforeAll(QuarkusTestExtension.java:659)
	... 1 more
Caused by: java.lang.RuntimeException: Failed to start quarkus
	at io.quarkus.runner.ApplicationImpl.<clinit>(Unknown Source)
	... 8 more
Caused by: org.hibernate.type.descriptor.java.spi.JdbcTypeRecommendationException: Could not determine recommended JdbcType for Java type 'org.imaginnovate.model.Project'
	at org.hibernate.type.descriptor.java.spi.UnknownBasicJavaType.getRecommendedJdbcType(UnknownBasicJavaType.java:50)
	at org.hibernate.boot.model.process.internal.InferredBasicValueResolver.from(InferredBasicValueResolver.java:195)
	at org.hibernate.mapping.BasicValue.resolution(BasicValue.java:647)
	at org.hibernate.mapping.BasicValue.buildResolution(BasicValue.java:498)
	at org.hibernate.mapping.BasicValue.resolve(BasicValue.java:350)
	at org.hibernate.mapping.BasicValue.resolve(BasicValue.java:340)
	at org.hibernate.boot.internal.InFlightMetadataCollectorImpl.lambda$processValueResolvers$4(InFlightMetadataCollectorImpl.java:1796)
	at java.base/java.util.ArrayList.removeIf(ArrayList.java:1765)
	at java.base/java.util.ArrayList.removeIf(ArrayList.java:1743)
	at org.hibernate.boot.internal.InFlightMetadataCollectorImpl.processValueResolvers(InFlightMetadataCollectorImpl.java:1795)
	at org.hibernate.boot.internal.InFlightMetadataCollectorImpl.processSecondPasses(InFlightMetadataCollectorImpl.java:1781)
	at org.hibernate.boot.model.process.spi.MetadataBuildingProcess.complete(MetadataBuildingProcess.java:334)
	at io.quarkus.hibernate.orm.runtime.boot.FastBootMetadataBuilder.build(FastBootMetadataBuilder.java:415)
	at io.quarkus.hibernate.orm.runtime.PersistenceUnitsHolder.createMetadata(PersistenceUnitsHolder.java:101)
	at io.quarkus.hibernate.orm.runtime.PersistenceUnitsHolder.constructMetadataAdvance(PersistenceUnitsHolder.java:73)
	at io.quarkus.hibernate.orm.runtime.PersistenceUnitsHolder.initializeJpa(PersistenceUnitsHolder.java:40)
	at io.quarkus.hibernate.orm.runtime.HibernateOrmRecorder$1.created(HibernateOrmRecorder.java:78)
	at io.quarkus.arc.runtime.ArcRecorder.initBeanContainer(ArcRecorder.java:79)
	at io.quarkus.deployment.steps.ArcProcessor$notifyBeanContainerListeners1304312071.deploy_0(Unknown Source)
	at io.quarkus.deployment.steps.ArcProcessor$notifyBeanContainerListeners1304312071.deploy(Unknown Source)
	... 9 more
]]></error>
    <system-out><![CDATA[2024-06-01 07:33:43,022 WARN  [io.qua.hib.orm.dep.HibernateOrmProcessor] (build-38) Could not find a suitable persistence unit for model classes:
	- io.quarkus.hibernate.orm.panache.PanacheEntity
	- io.quarkus.hibernate.orm.panache.PanacheEntityBase
]]></system-out>
  </testcase>
</testsuite>